The system is: Darwin - 20.5.0 - arm64
Compiling the Fortran compiler identification source file "CMakeFortranCompilerId.F" succeeded.
Compiler: /opt/homebrew/bin/gfortran 
Build flags: 
Id flags: -v 

The output was:
0
Driving: /opt/homebrew/bin/gfortran -v CMakeFortranCompilerId.F -mmacosx-version-min=11.0.0 -asm_macosx_version_min=11.0 -nodefaultexport -l gfortran
Using built-in specs.
COLLECT_GCC=/opt/homebrew/bin/gfortran
COLLECT_LTO_WRAPPER=/opt/homebrew/Cellar/gcc/12.2.0/bin/../libexec/gcc/aarch64-apple-darwin20/12/lto-wrapper
Target: aarch64-apple-darwin20
Configured with: ../configure --prefix=/opt/homebrew/opt/gcc --libdir=/opt/homebrew/opt/gcc/lib/gcc/current --disable-nls --enable-checking=release --with-gcc-major-version-only --enable-languages=c,c++,objc,obj-c++,fortran --program-suffix=-12 --with-gmp=/opt/homebrew/opt/gmp --with-mpfr=/opt/homebrew/opt/mpfr --with-mpc=/opt/homebrew/opt/libmpc --with-isl=/opt/homebrew/opt/isl --with-zstd=/opt/homebrew/opt/zstd --with-pkgversion='Homebrew GCC 12.2.0' --with-bugurl=https://github.com/Homebrew/homebrew-core/issues --with-system-zlib --build=aarch64-apple-darwin20 --with-sysroot=/Library/Developer/CommandLineTools/SDKs/MacOSX11.sdk
Thread model: posix
Supported LTO compression algorithms: zlib zstd
gcc version 12.2.0 (Homebrew GCC 12.2.0) 
COLLECT_GCC_OPTIONS='-v' '-mmacosx-version-min=11.0.0' '-asm_macosx_version_min=11.0' '-nodefaultexport' '-mlittle-endian' '-mabi=lp64' '-dumpdir' 'a-'
 /opt/homebrew/Cellar/gcc/12.2.0/bin/../libexec/gcc/aarch64-apple-darwin20/12/f951 CMakeFortranCompilerId.F -ffixed-form -cpp=/var/folders/kq/sxg320kn3hvdxkxky0c3dxwh0000gn/T//ccVf9sjP.f90 -quiet -v -iprefix /opt/homebrew/Cellar/gcc/12.2.0/bin/../lib/gcc/current/gcc/aarch64-apple-darwin20/12/ -D__DYNAMIC__ CMakeFortranCompilerId.F -fPIC -quiet -dumpdir a- -dumpbase CMakeFortranCompilerId.F -dumpbase-ext .F -mmacosx-version-min=11.0.0 -mlittle-endian -mabi=lp64 -version -fintrinsic-modules-path /opt/homebrew/Cellar/gcc/12.2.0/bin/../lib/gcc/current/gcc/aarch64-apple-darwin20/12/finclude -o /var/folders/kq/sxg320kn3hvdxkxky0c3dxwh0000gn/T//cc0cNRZR.s
GNU Fortran (Homebrew GCC 12.2.0) version 12.2.0 (aarch64-apple-darwin20)
	compiled by GNU C version 12.2.0, GMP version 6.2.1, MPFR version 4.1.0-p13, MPC version 1.2.1, isl version isl-0.25-GMP

GGC heuristics: --param ggc-min-expand=100 --param ggc-min-heapsize=131072
ignoring nonexistent directory "/opt/homebrew/Cellar/gcc/12.2.0/bin/../lib/gcc/current/gcc/aarch64-apple-darwin20/12/../../../../../../aarch64-apple-darwin20/include"
ignoring duplicate directory "/opt/homebrew/Cellar/gcc/12.2.0/bin/../lib/gcc/current/gcc/../../../../lib/gcc/current/gcc/aarch64-apple-darwin20/12/include"
ignoring nonexistent directory "/Library/Developer/CommandLineTools/SDKs/MacOSX11.sdk/usr/local/include"
ignoring duplicate directory "/opt/homebrew/Cellar/gcc/12.2.0/bin/../lib/gcc/current/gcc/../../../../lib/gcc/current/gcc/aarch64-apple-darwin20/12/include-fixed"
ignoring nonexistent directory "/opt/homebrew/Cellar/gcc/12.2.0/bin/../lib/gcc/current/gcc/../../../../lib/gcc/current/gcc/aarch64-apple-darwin20/12/../../../../../../aarch64-apple-darwin20/include"
#include "..." search starts here:
#include <...> search starts here:
 /opt/homebrew/Cellar/gcc/12.2.0/bin/../lib/gcc/current/gcc/aarch64-apple-darwin20/12/finclude
 /opt/intel_org/oneapi/mkl/2021.3.0/include
 /opt/homebrew/Cellar/gcc/12.2.0/bin/../lib/gcc/current/gcc/aarch64-apple-darwin20/12/include
 /opt/homebrew/Cellar/gcc/12.2.0/bin/../lib/gcc/current/gcc/aarch64-apple-darwin20/12/include-fixed
 /Library/Developer/CommandLineTools/SDKs/MacOSX11.sdk/usr/include
End of search list.
GNU Fortran2008 (Homebrew GCC 12.2.0) version 12.2.0 (aarch64-apple-darwin20)
	compiled by GNU C version 12.2.0, GMP version 6.2.1, MPFR version 4.1.0-p13, MPC version 1.2.1, isl version isl-0.25-GMP

GGC heuristics: --param ggc-min-expand=100 --param ggc-min-heapsize=131072
COLLECT_GCC_OPTIONS='-v' '-mmacosx-version-min=11.0.0'  '-nodefaultexport' '-mlittle-endian' '-mabi=lp64' '-dumpdir' 'a-'
 as -arch arm64 -v -mmacosx-version-min=11.0 -o /var/folders/kq/sxg320kn3hvdxkxky0c3dxwh0000gn/T//ccrBTQoG.o /var/folders/kq/sxg320kn3hvdxkxky0c3dxwh0000gn/T//cc0cNRZR.s
Apple clang version 12.0.5 (clang-1205.0.22.11)
Target: aarch64-apple-darwin20.5.0
Thread model: posix
InstalledDir: /Library/Developer/CommandLineTools/usr/bin
 "/Library/Developer/CommandLineTools/usr/bin/clang" -cc1as -triple arm64-apple-macosx11.0.0 -filetype obj -main-file-name cc0cNRZR.s -target-cpu apple-a12 -target-feature +v8.3a -target-feature +fp-armv8 -target-feature +neon -target-feature +crc -target-feature +crypto -target-feature +fullfp16 -target-feature +ras -target-feature +lse -target-feature +rdm -target-feature +rcpc -target-feature +zcm -target-feature +zcz -target-feature +sha2 -target-feature +aes -fdebug-compilation-dir /Users/yuki/git/fortran_csr/build/CMakeFiles/3.20.5/CompilerIdFortran -dwarf-debug-producer "Apple clang version 12.0.5 (clang-1205.0.22.11)" -dwarf-version=4 -mrelocation-model pic -mllvm -disable-aligned-alloc-awareness=1 -o /var/folders/kq/sxg320kn3hvdxkxky0c3dxwh0000gn/T//ccrBTQoG.o /var/folders/kq/sxg320kn3hvdxkxky0c3dxwh0000gn/T//cc0cNRZR.s
Reading specs from /opt/homebrew/Cellar/gcc/12.2.0/bin/../lib/gcc/current/gcc/aarch64-apple-darwin20/12/../../../libgfortran.spec
rename spec lib to liborig
COLLECT_GCC_OPTIONS='-v' '-mmacosx-version-min=11.0.0'  '-nodefaultexport' '-mlittle-endian' '-mabi=lp64' '-dumpdir' 'a-'
COMPILER_PATH=/opt/homebrew/Cellar/gcc/12.2.0/bin/../libexec/gcc/aarch64-apple-darwin20/12/:/opt/homebrew/Cellar/gcc/12.2.0/bin/../libexec/gcc/
LIBRARY_PATH=/opt/homebrew/Cellar/gcc/12.2.0/bin/../lib/gcc/current/gcc/aarch64-apple-darwin20/12/:/opt/homebrew/Cellar/gcc/12.2.0/bin/../lib/gcc/current/gcc/:/opt/intel_org/oneapi/mkl/2021.3.0/lib/:./:/Library/Developer/CommandLineTools/SDKs/MacOSX.sdk/usr/lib/:/opt/homebrew/Cellar/gcc/12.2.0/bin/../lib/gcc/current/gcc/aarch64-apple-darwin20/12/../../../
COLLECT_GCC_OPTIONS='-v' '-mmacosx-version-min=11.0.0'  '-nodefaultexport' '-mlittle-endian' '-mabi=lp64' '-dumpdir' 'a.'
 /opt/homebrew/Cellar/gcc/12.2.0/bin/../libexec/gcc/aarch64-apple-darwin20/12/collect2 -syslibroot /Library/Developer/CommandLineTools/SDKs/MacOSX11.sdk/ -dynamic -arch arm64 -macosx_version_min 11.0.0 -o a.out -L/opt/homebrew/Cellar/gcc/12.2.0/bin/../lib/gcc/current/gcc/aarch64-apple-darwin20/12 -L/opt/homebrew/Cellar/gcc/12.2.0/bin/../lib/gcc/current/gcc -L/opt/intel_org/oneapi/mkl/2021.3.0/lib -L. -L/Library/Developer/CommandLineTools/SDKs/MacOSX.sdk/usr/lib -L/opt/homebrew/Cellar/gcc/12.2.0/bin/../lib/gcc/current/gcc/aarch64-apple-darwin20/12/../../.. /var/folders/kq/sxg320kn3hvdxkxky0c3dxwh0000gn/T//ccrBTQoG.o -lgfortran -lemutls_w -lgcc -lquadmath -lemutls_w -lgcc -lSystem -lgcc -no_compact_unwind -rpath @loader_path -rpath /opt/homebrew/Cellar/gcc/12.2.0/lib/gcc/current/gcc/aarch64-apple-darwin20/12 -rpath /opt/homebrew/Cellar/gcc/12.2.0/lib/gcc/current/gcc -rpath /opt/intel_org/oneapi/mkl/2021.3.0/lib -rpath /Users/yuki/git/fortran_csr/build/CMakeFiles/3.20.5/CompilerIdFortran -rpath /Library/Developer/CommandLineTools/SDKs/MacOSX11.3.sdk/usr/lib -rpath /opt/homebrew/Cellar/gcc/12.2.0/lib/gcc/current


Compilation of the Fortran compiler identification source "CMakeFortranCompilerId.F" produced "a.out"

The Fortran compiler identification is GNU, found in "/Users/yuki/git/fortran_csr/build/CMakeFiles/3.20.5/CompilerIdFortran/a.out"

Detecting Fortran compiler ABI info compiled with the following output:
Change Dir: /Users/yuki/git/fortran_csr/build/CMakeFiles/CMakeTmp

Run Build Command(s):/usr/bin/make -f Makefile cmTC_8bd42/fast && /Library/Developer/CommandLineTools/usr/bin/make  -f CMakeFiles/cmTC_8bd42.dir/build.make CMakeFiles/cmTC_8bd42.dir/build
Building Fortran object CMakeFiles/cmTC_8bd42.dir/CMakeFortranCompilerABI.F.o
/opt/homebrew/bin/gfortran   -isysroot /Library/Developer/CommandLineTools/SDKs/MacOSX12.1.sdk -mmacosx-version-min=11.4   -v -Wl,-v -c /opt/homebrew/Cellar/cmake/3.20.5/share/cmake/Modules/CMakeFortranCompilerABI.F -o CMakeFiles/cmTC_8bd42.dir/CMakeFortranCompilerABI.F.o
Using built-in specs.
COLLECT_GCC=/opt/homebrew/bin/gfortran
Target: aarch64-apple-darwin20
Configured with: ../configure --prefix=/opt/homebrew/opt/gcc --libdir=/opt/homebrew/opt/gcc/lib/gcc/current --disable-nls --enable-checking=release --with-gcc-major-version-only --enable-languages=c,c++,objc,obj-c++,fortran --program-suffix=-12 --with-gmp=/opt/homebrew/opt/gmp --with-mpfr=/opt/homebrew/opt/mpfr --with-mpc=/opt/homebrew/opt/libmpc --with-isl=/opt/homebrew/opt/isl --with-zstd=/opt/homebrew/opt/zstd --with-pkgversion='Homebrew GCC 12.2.0' --with-bugurl=https://github.com/Homebrew/homebrew-core/issues --with-system-zlib --build=aarch64-apple-darwin20 --with-sysroot=/Library/Developer/CommandLineTools/SDKs/MacOSX11.sdk
Thread model: posix
Supported LTO compression algorithms: zlib zstd
gcc version 12.2.0 (Homebrew GCC 12.2.0) 
COLLECT_GCC_OPTIONS='-isysroot' '/Library/Developer/CommandLineTools/SDKs/MacOSX12.1.sdk' '-v' '-c' '-o' 'CMakeFiles/cmTC_8bd42.dir/CMakeFortranCompilerABI.F.o' '-mmacosx-version-min=11.4' '-asm_macosx_version_min=11.4' '-nodefaultexport' '-mlittle-endian' '-mabi=lp64' '-dumpdir' 'CMakeFiles/cmTC_8bd42.dir/'
 /opt/homebrew/Cellar/gcc/12.2.0/bin/../libexec/gcc/aarch64-apple-darwin20/12/f951 /opt/homebrew/Cellar/cmake/3.20.5/share/cmake/Modules/CMakeFortranCompilerABI.F -ffixed-form -cpp=/var/folders/kq/sxg320kn3hvdxkxky0c3dxwh0000gn/T//ccPJH4Sc.f90 -quiet -v -iprefix /opt/homebrew/Cellar/gcc/12.2.0/bin/../lib/gcc/current/gcc/aarch64-apple-darwin20/12/ -D__DYNAMIC__ -isysroot /Library/Developer/CommandLineTools/SDKs/MacOSX12.1.sdk /opt/homebrew/Cellar/cmake/3.20.5/share/cmake/Modules/CMakeFortranCompilerABI.F -fPIC -quiet -dumpdir CMakeFiles/cmTC_8bd42.dir/ -dumpbase CMakeFortranCompilerABI.F.F -dumpbase-ext .F -mmacosx-version-min=11.4 -mlittle-endian -mabi=lp64 -version -fintrinsic-modules-path /opt/homebrew/Cellar/gcc/12.2.0/bin/../lib/gcc/current/gcc/aarch64-apple-darwin20/12/finclude -o /var/folders/kq/sxg320kn3hvdxkxky0c3dxwh0000gn/T//ccxIXKHK.s
GNU Fortran (Homebrew GCC 12.2.0) version 12.2.0 (aarch64-apple-darwin20)
	compiled by GNU C version 12.2.0, GMP version 6.2.1, MPFR version 4.1.0-p13, MPC version 1.2.1, isl version isl-0.25-GMP

GGC heuristics: --param ggc-min-expand=100 --param ggc-min-heapsize=131072
ignoring nonexistent directory "/opt/homebrew/Cellar/gcc/12.2.0/bin/../lib/gcc/current/gcc/aarch64-apple-darwin20/12/../../../../../../aarch64-apple-darwin20/include"
ignoring duplicate directory "/opt/homebrew/Cellar/gcc/12.2.0/bin/../lib/gcc/current/gcc/../../../../lib/gcc/current/gcc/aarch64-apple-darwin20/12/include"
ignoring nonexistent directory "/Library/Developer/CommandLineTools/SDKs/MacOSX12.1.sdk/usr/local/include"
ignoring duplicate directory "/opt/homebrew/Cellar/gcc/12.2.0/bin/../lib/gcc/current/gcc/../../../../lib/gcc/current/gcc/aarch64-apple-darwin20/12/include-fixed"
ignoring nonexistent directory "/opt/homebrew/Cellar/gcc/12.2.0/bin/../lib/gcc/current/gcc/../../../../lib/gcc/current/gcc/aarch64-apple-darwin20/12/../../../../../../aarch64-apple-darwin20/include"
#include "..." search starts here:
#include <...> search starts here:
 /opt/homebrew/Cellar/gcc/12.2.0/bin/../lib/gcc/current/gcc/aarch64-apple-darwin20/12/finclude
 /opt/intel_org/oneapi/mkl/2021.3.0/include
 /opt/homebrew/Cellar/gcc/12.2.0/bin/../lib/gcc/current/gcc/aarch64-apple-darwin20/12/include
 /opt/homebrew/Cellar/gcc/12.2.0/bin/../lib/gcc/current/gcc/aarch64-apple-darwin20/12/include-fixed
 /Library/Developer/CommandLineTools/SDKs/MacOSX12.1.sdk/usr/include
End of search list.
GNU Fortran2008 (Homebrew GCC 12.2.0) version 12.2.0 (aarch64-apple-darwin20)
	compiled by GNU C version 12.2.0, GMP version 6.2.1, MPFR version 4.1.0-p13, MPC version 1.2.1, isl version isl-0.25-GMP

GGC heuristics: --param ggc-min-expand=100 --param ggc-min-heapsize=131072
COLLECT_GCC_OPTIONS='-isysroot' '/Library/Developer/CommandLineTools/SDKs/MacOSX12.1.sdk' '-v' '-c' '-o' 'CMakeFiles/cmTC_8bd42.dir/CMakeFortranCompilerABI.F.o' '-mmacosx-version-min=11.4'  '-nodefaultexport' '-mlittle-endian' '-mabi=lp64' '-dumpdir' 'CMakeFiles/cmTC_8bd42.dir/'
 as -arch arm64 -v -mmacosx-version-min=11.4 -o CMakeFiles/cmTC_8bd42.dir/CMakeFortranCompilerABI.F.o /var/folders/kq/sxg320kn3hvdxkxky0c3dxwh0000gn/T//ccxIXKHK.s
Apple clang version 12.0.5 (clang-1205.0.22.11)
Target: aarch64-apple-darwin20.5.0
Thread model: posix
InstalledDir: /Library/Developer/CommandLineTools/usr/bin
 "/Library/Developer/CommandLineTools/usr/bin/clang" -cc1as -triple arm64-apple-macosx11.4.0 -filetype obj -main-file-name ccxIXKHK.s -target-cpu apple-a12 -target-feature +v8.3a -target-feature +fp-armv8 -target-feature +neon -target-feature +crc -target-feature +crypto -target-feature +fullfp16 -target-feature +ras -target-feature +lse -target-feature +rdm -target-feature +rcpc -target-feature +zcm -target-feature +zcz -target-feature +sha2 -target-feature +aes -fdebug-compilation-dir /Users/yuki/git/fortran_csr/build/CMakeFiles/CMakeTmp -dwarf-debug-producer "Apple clang version 12.0.5 (clang-1205.0.22.11)" -dwarf-version=4 -mrelocation-model pic -mllvm -disable-aligned-alloc-awareness=1 -o CMakeFiles/cmTC_8bd42.dir/CMakeFortranCompilerABI.F.o /var/folders/kq/sxg320kn3hvdxkxky0c3dxwh0000gn/T//ccxIXKHK.s
COMPILER_PATH=/opt/homebrew/Cellar/gcc/12.2.0/bin/../libexec/gcc/aarch64-apple-darwin20/12/:/opt/homebrew/Cellar/gcc/12.2.0/bin/../libexec/gcc/
LIBRARY_PATH=/opt/homebrew/Cellar/gcc/12.2.0/bin/../lib/gcc/current/gcc/aarch64-apple-darwin20/12/:/opt/homebrew/Cellar/gcc/12.2.0/bin/../lib/gcc/current/gcc/:/opt/intel_org/oneapi/mkl/2021.3.0/lib/:./:/Library/Developer/CommandLineTools/SDKs/MacOSX.sdk/usr/lib/:/opt/homebrew/Cellar/gcc/12.2.0/bin/../lib/gcc/current/gcc/aarch64-apple-darwin20/12/../../../
COLLECT_GCC_OPTIONS='-isysroot' '/Library/Developer/CommandLineTools/SDKs/MacOSX12.1.sdk' '-v' '-c' '-o' 'CMakeFiles/cmTC_8bd42.dir/CMakeFortranCompilerABI.F.o' '-mmacosx-version-min=11.4'  '-nodefaultexport' '-mlittle-endian' '-mabi=lp64' '-dumpdir' 'CMakeFiles/cmTC_8bd42.dir/CMakeFortranCompilerABI.F.'
Linking Fortran executable cmTC_8bd42
/opt/homebrew/Cellar/cmake/3.20.5/bin/cmake -E cmake_link_script CMakeFiles/cmTC_8bd42.dir/link.txt --verbose=1
/opt/homebrew/bin/gfortran  -v -Wl,-v  -isysroot /Library/Developer/CommandLineTools/SDKs/MacOSX12.1.sdk -mmacosx-version-min=11.4 CMakeFiles/cmTC_8bd42.dir/CMakeFortranCompilerABI.F.o -o cmTC_8bd42 
Driving: /opt/homebrew/bin/gfortran -v -Wl,-v -isysroot /Library/Developer/CommandLineTools/SDKs/MacOSX12.1.sdk CMakeFiles/cmTC_8bd42.dir/CMakeFortranCompilerABI.F.o -o cmTC_8bd42 -mmacosx-version-min=11.4 -asm_macosx_version_min=11.4 -nodefaultexport -l gfortran
Using built-in specs.
COLLECT_GCC=/opt/homebrew/bin/gfortran
COLLECT_LTO_WRAPPER=/opt/homebrew/Cellar/gcc/12.2.0/bin/../libexec/gcc/aarch64-apple-darwin20/12/lto-wrapper
Target: aarch64-apple-darwin20
Configured with: ../configure --prefix=/opt/homebrew/opt/gcc --libdir=/opt/homebrew/opt/gcc/lib/gcc/current --disable-nls --enable-checking=release --with-gcc-major-version-only --enable-languages=c,c++,objc,obj-c++,fortran --program-suffix=-12 --with-gmp=/opt/homebrew/opt/gmp --with-mpfr=/opt/homebrew/opt/mpfr --with-mpc=/opt/homebrew/opt/libmpc --with-isl=/opt/homebrew/opt/isl --with-zstd=/opt/homebrew/opt/zstd --with-pkgversion='Homebrew GCC 12.2.0' --with-bugurl=https://github.com/Homebrew/homebrew-core/issues --with-system-zlib --build=aarch64-apple-darwin20 --with-sysroot=/Library/Developer/CommandLineTools/SDKs/MacOSX11.sdk
Thread model: posix
Supported LTO compression algorithms: zlib zstd
gcc version 12.2.0 (Homebrew GCC 12.2.0) 
Reading specs from /opt/homebrew/Cellar/gcc/12.2.0/bin/../lib/gcc/current/gcc/aarch64-apple-darwin20/12/../../../libgfortran.spec
rename spec lib to liborig
COLLECT_GCC_OPTIONS='-v' '-isysroot' '/Library/Developer/CommandLineTools/SDKs/MacOSX12.1.sdk' '-o' 'cmTC_8bd42' '-mmacosx-version-min=11.4' '-asm_macosx_version_min=11.4' '-nodefaultexport' '-mlittle-endian' '-mabi=lp64' '-dumpdir' 'cmTC_8bd42-'
COMPILER_PATH=/opt/homebrew/Cellar/gcc/12.2.0/bin/../libexec/gcc/aarch64-apple-darwin20/12/:/opt/homebrew/Cellar/gcc/12.2.0/bin/../libexec/gcc/
LIBRARY_PATH=/opt/homebrew/Cellar/gcc/12.2.0/bin/../lib/gcc/current/gcc/aarch64-apple-darwin20/12/:/opt/homebrew/Cellar/gcc/12.2.0/bin/../lib/gcc/current/gcc/:/opt/intel_org/oneapi/mkl/2021.3.0/lib/:./:/Library/Developer/CommandLineTools/SDKs/MacOSX.sdk/usr/lib/:/opt/homebrew/Cellar/gcc/12.2.0/bin/../lib/gcc/current/gcc/aarch64-apple-darwin20/12/../../../
COLLECT_GCC_OPTIONS='-v' '-isysroot' '/Library/Developer/CommandLineTools/SDKs/MacOSX12.1.sdk' '-o' 'cmTC_8bd42' '-mmacosx-version-min=11.4' '-asm_macosx_version_min=11.4' '-nodefaultexport' '-mlittle-endian' '-mabi=lp64' '-dumpdir' 'cmTC_8bd42.'
 /opt/homebrew/Cellar/gcc/12.2.0/bin/../libexec/gcc/aarch64-apple-darwin20/12/collect2 -dynamic -arch arm64 -syslibroot /Library/Developer/CommandLineTools/SDKs/MacOSX12.1.sdk -macosx_version_min 11.4 -o cmTC_8bd42 -L/opt/homebrew/Cellar/gcc/12.2.0/bin/../lib/gcc/current/gcc/aarch64-apple-darwin20/12 -L/opt/homebrew/Cellar/gcc/12.2.0/bin/../lib/gcc/current/gcc -L/opt/intel_org/oneapi/mkl/2021.3.0/lib -L. -L/Library/Developer/CommandLineTools/SDKs/MacOSX.sdk/usr/lib -L/opt/homebrew/Cellar/gcc/12.2.0/bin/../lib/gcc/current/gcc/aarch64-apple-darwin20/12/../../.. -v CMakeFiles/cmTC_8bd42.dir/CMakeFortranCompilerABI.F.o -lgfortran -lemutls_w -lgcc -lquadmath -lemutls_w -lgcc -lSystem -lgcc -no_compact_unwind -rpath @loader_path -rpath /opt/homebrew/Cellar/gcc/12.2.0/lib/gcc/current/gcc/aarch64-apple-darwin20/12 -rpath /opt/homebrew/Cellar/gcc/12.2.0/lib/gcc/current/gcc -rpath /opt/intel_org/oneapi/mkl/2021.3.0/lib -rpath /Users/yuki/git/fortran_csr/build/CMakeFiles/CMakeTmp -rpath /Library/Developer/CommandLineTools/SDKs/MacOSX11.3.sdk/usr/lib -rpath /opt/homebrew/Cellar/gcc/12.2.0/lib/gcc/current
collect2 version 12.2.0
/usr/bin/ld -dynamic -arch arm64 -syslibroot /Library/Developer/CommandLineTools/SDKs/MacOSX12.1.sdk -macosx_version_min 11.4 -o cmTC_8bd42 -L/opt/homebrew/Cellar/gcc/12.2.0/bin/../lib/gcc/current/gcc/aarch64-apple-darwin20/12 -L/opt/homebrew/Cellar/gcc/12.2.0/bin/../lib/gcc/current/gcc -L/opt/intel_org/oneapi/mkl/2021.3.0/lib -L. -L/Library/Developer/CommandLineTools/SDKs/MacOSX.sdk/usr/lib -L/opt/homebrew/Cellar/gcc/12.2.0/bin/../lib/gcc/current/gcc/aarch64-apple-darwin20/12/../../.. -v CMakeFiles/cmTC_8bd42.dir/CMakeFortranCompilerABI.F.o -lgfortran -lemutls_w -lgcc -lquadmath -lemutls_w -lgcc -lSystem -lgcc -no_compact_unwind -rpath @loader_path -rpath /opt/homebrew/Cellar/gcc/12.2.0/lib/gcc/current/gcc/aarch64-apple-darwin20/12 -rpath /opt/homebrew/Cellar/gcc/12.2.0/lib/gcc/current/gcc -rpath /opt/intel_org/oneapi/mkl/2021.3.0/lib -rpath /Users/yuki/git/fortran_csr/build/CMakeFiles/CMakeTmp -rpath /Library/Developer/CommandLineTools/SDKs/MacOSX11.3.sdk/usr/lib -rpath /opt/homebrew/Cellar/gcc/12.2.0/lib/gcc/current
@(#)PROGRAM:ld  PROJECT:ld64-650.9
BUILD 13:09:13 May 28 2021
configured to support archs: armv6 armv7 armv7s arm64 arm64e arm64_32 i386 x86_64 x86_64h armv6m armv7k armv7m armv7em
Library search paths:
	/opt/homebrew/Cellar/gcc/12.2.0/lib/gcc/current/gcc/aarch64-apple-darwin20/12
	/opt/homebrew/Cellar/gcc/12.2.0/lib/gcc/current/gcc
	/opt/intel_org/oneapi/mkl/2021.3.0/lib
	.
	/Library/Developer/CommandLineTools/SDKs/MacOSX.sdk/usr/lib
	/opt/homebrew/Cellar/gcc/12.2.0/lib/gcc/current
	/Library/Developer/CommandLineTools/SDKs/MacOSX12.1.sdk/usr/lib
Framework search paths:
	/Library/Developer/CommandLineTools/SDKs/MacOSX12.1.sdk/System/Library/Frameworks/



Parsed Fortran implicit include dir info from above output: rv=done
  found start of include info
  found start of implicit include info
    add: [/opt/homebrew/Cellar/gcc/12.2.0/bin/../lib/gcc/current/gcc/aarch64-apple-darwin20/12/finclude]
    add: [/opt/intel_org/oneapi/mkl/2021.3.0/include]
    add: [/opt/homebrew/Cellar/gcc/12.2.0/bin/../lib/gcc/current/gcc/aarch64-apple-darwin20/12/include]
    add: [/opt/homebrew/Cellar/gcc/12.2.0/bin/../lib/gcc/current/gcc/aarch64-apple-darwin20/12/include-fixed]
    add: [/Library/Developer/CommandLineTools/SDKs/MacOSX12.1.sdk/usr/include]
  end of search list found
  collapse include dir [/opt/homebrew/Cellar/gcc/12.2.0/bin/../lib/gcc/current/gcc/aarch64-apple-darwin20/12/finclude] ==> [/opt/homebrew/Cellar/gcc/12.2.0/lib/gcc/current/gcc/aarch64-apple-darwin20/12/finclude]
  collapse include dir [/opt/intel_org/oneapi/mkl/2021.3.0/include] ==> [/opt/intel_org/oneapi/mkl/2021.3.0/include]
  collapse include dir [/opt/homebrew/Cellar/gcc/12.2.0/bin/../lib/gcc/current/gcc/aarch64-apple-darwin20/12/include] ==> [/opt/homebrew/Cellar/gcc/12.2.0/lib/gcc/current/gcc/aarch64-apple-darwin20/12/include]
  collapse include dir [/opt/homebrew/Cellar/gcc/12.2.0/bin/../lib/gcc/current/gcc/aarch64-apple-darwin20/12/include-fixed] ==> [/opt/homebrew/Cellar/gcc/12.2.0/lib/gcc/current/gcc/aarch64-apple-darwin20/12/include-fixed]
  collapse include dir [/Library/Developer/CommandLineTools/SDKs/MacOSX12.1.sdk/usr/include] ==> [/Library/Developer/CommandLineTools/SDKs/MacOSX12.1.sdk/usr/include]
  implicit include dirs: [/opt/homebrew/Cellar/gcc/12.2.0/lib/gcc/current/gcc/aarch64-apple-darwin20/12/finclude;/opt/intel_org/oneapi/mkl/2021.3.0/include;/opt/homebrew/Cellar/gcc/12.2.0/lib/gcc/current/gcc/aarch64-apple-darwin20/12/include;/opt/homebrew/Cellar/gcc/12.2.0/lib/gcc/current/gcc/aarch64-apple-darwin20/12/include-fixed;/Library/Developer/CommandLineTools/SDKs/MacOSX12.1.sdk/usr/include]


Parsed Fortran implicit link information from above output:
  link line regex: [^( *|.*[/\])(ld|CMAKE_LINK_STARTFILE-NOTFOUND|([^/\]+-)?ld|collect2)[^/\]*( |$)]
  ignore line: [Change Dir: /Users/yuki/git/fortran_csr/build/CMakeFiles/CMakeTmp]
  ignore line: []
  ignore line: [Run Build Command(s):/usr/bin/make -f Makefile cmTC_8bd42/fast && /Library/Developer/CommandLineTools/usr/bin/make  -f CMakeFiles/cmTC_8bd42.dir/build.make CMakeFiles/cmTC_8bd42.dir/build]
  ignore line: [Building Fortran object CMakeFiles/cmTC_8bd42.dir/CMakeFortranCompilerABI.F.o]
  ignore line: [/opt/homebrew/bin/gfortran   -isysroot /Library/Developer/CommandLineTools/SDKs/MacOSX12.1.sdk -mmacosx-version-min=11.4   -v -Wl -v -c /opt/homebrew/Cellar/cmake/3.20.5/share/cmake/Modules/CMakeFortranCompilerABI.F -o CMakeFiles/cmTC_8bd42.dir/CMakeFortranCompilerABI.F.o]
  ignore line: [Using built-in specs.]
  ignore line: [COLLECT_GCC=/opt/homebrew/bin/gfortran]
  ignore line: [Target: aarch64-apple-darwin20]
  ignore line: [Configured with: ../configure --prefix=/opt/homebrew/opt/gcc --libdir=/opt/homebrew/opt/gcc/lib/gcc/current --disable-nls --enable-checking=release --with-gcc-major-version-only --enable-languages=c c++ objc obj-c++ fortran --program-suffix=-12 --with-gmp=/opt/homebrew/opt/gmp --with-mpfr=/opt/homebrew/opt/mpfr --with-mpc=/opt/homebrew/opt/libmpc --with-isl=/opt/homebrew/opt/isl --with-zstd=/opt/homebrew/opt/zstd --with-pkgversion='Homebrew GCC 12.2.0' --with-bugurl=https://github.com/Homebrew/homebrew-core/issues --with-system-zlib --build=aarch64-apple-darwin20 --with-sysroot=/Library/Developer/CommandLineTools/SDKs/MacOSX11.sdk]
  ignore line: [Thread model: posix]
  ignore line: [Supported LTO compression algorithms: zlib zstd]
  ignore line: [gcc version 12.2.0 (Homebrew GCC 12.2.0) ]
  ignore line: [COLLECT_GCC_OPTIONS='-isysroot' '/Library/Developer/CommandLineTools/SDKs/MacOSX12.1.sdk' '-v' '-c' '-o' 'CMakeFiles/cmTC_8bd42.dir/CMakeFortranCompilerABI.F.o' '-mmacosx-version-min=11.4' '-asm_macosx_version_min=11.4' '-nodefaultexport' '-mlittle-endian' '-mabi=lp64' '-dumpdir' 'CMakeFiles/cmTC_8bd42.dir/']
  ignore line: [ /opt/homebrew/Cellar/gcc/12.2.0/bin/../libexec/gcc/aarch64-apple-darwin20/12/f951 /opt/homebrew/Cellar/cmake/3.20.5/share/cmake/Modules/CMakeFortranCompilerABI.F -ffixed-form -cpp=/var/folders/kq/sxg320kn3hvdxkxky0c3dxwh0000gn/T//ccPJH4Sc.f90 -quiet -v -iprefix /opt/homebrew/Cellar/gcc/12.2.0/bin/../lib/gcc/current/gcc/aarch64-apple-darwin20/12/ -D__DYNAMIC__ -isysroot /Library/Developer/CommandLineTools/SDKs/MacOSX12.1.sdk /opt/homebrew/Cellar/cmake/3.20.5/share/cmake/Modules/CMakeFortranCompilerABI.F -fPIC -quiet -dumpdir CMakeFiles/cmTC_8bd42.dir/ -dumpbase CMakeFortranCompilerABI.F.F -dumpbase-ext .F -mmacosx-version-min=11.4 -mlittle-endian -mabi=lp64 -version -fintrinsic-modules-path /opt/homebrew/Cellar/gcc/12.2.0/bin/../lib/gcc/current/gcc/aarch64-apple-darwin20/12/finclude -o /var/folders/kq/sxg320kn3hvdxkxky0c3dxwh0000gn/T//ccxIXKHK.s]
  ignore line: [GNU Fortran (Homebrew GCC 12.2.0) version 12.2.0 (aarch64-apple-darwin20)]
  ignore line: [	compiled by GNU C version 12.2.0  GMP version 6.2.1  MPFR version 4.1.0-p13  MPC version 1.2.1  isl version isl-0.25-GMP]
  ignore line: []
  ignore line: [GGC heuristics: --param ggc-min-expand=100 --param ggc-min-heapsize=131072]
  ignore line: [ignoring nonexistent directory "/opt/homebrew/Cellar/gcc/12.2.0/bin/../lib/gcc/current/gcc/aarch64-apple-darwin20/12/../../../../../../aarch64-apple-darwin20/include"]
  ignore line: [ignoring duplicate directory "/opt/homebrew/Cellar/gcc/12.2.0/bin/../lib/gcc/current/gcc/../../../../lib/gcc/current/gcc/aarch64-apple-darwin20/12/include"]
  ignore line: [ignoring nonexistent directory "/Library/Developer/CommandLineTools/SDKs/MacOSX12.1.sdk/usr/local/include"]
  ignore line: [ignoring duplicate directory "/opt/homebrew/Cellar/gcc/12.2.0/bin/../lib/gcc/current/gcc/../../../../lib/gcc/current/gcc/aarch64-apple-darwin20/12/include-fixed"]
  ignore line: [ignoring nonexistent directory "/opt/homebrew/Cellar/gcc/12.2.0/bin/../lib/gcc/current/gcc/../../../../lib/gcc/current/gcc/aarch64-apple-darwin20/12/../../../../../../aarch64-apple-darwin20/include"]
  ignore line: [#include "..." search starts here:]
  ignore line: [#include <...> search starts here:]
  ignore line: [ /opt/homebrew/Cellar/gcc/12.2.0/bin/../lib/gcc/current/gcc/aarch64-apple-darwin20/12/finclude]
  ignore line: [ /opt/intel_org/oneapi/mkl/2021.3.0/include]
  ignore line: [ /opt/homebrew/Cellar/gcc/12.2.0/bin/../lib/gcc/current/gcc/aarch64-apple-darwin20/12/include]
  ignore line: [ /opt/homebrew/Cellar/gcc/12.2.0/bin/../lib/gcc/current/gcc/aarch64-apple-darwin20/12/include-fixed]
  ignore line: [ /Library/Developer/CommandLineTools/SDKs/MacOSX12.1.sdk/usr/include]
  ignore line: [End of search list.]
  ignore line: [GNU Fortran2008 (Homebrew GCC 12.2.0) version 12.2.0 (aarch64-apple-darwin20)]
  ignore line: [	compiled by GNU C version 12.2.0  GMP version 6.2.1  MPFR version 4.1.0-p13  MPC version 1.2.1  isl version isl-0.25-GMP]
  ignore line: []
  ignore line: [GGC heuristics: --param ggc-min-expand=100 --param ggc-min-heapsize=131072]
  ignore line: [COLLECT_GCC_OPTIONS='-isysroot' '/Library/Developer/CommandLineTools/SDKs/MacOSX12.1.sdk' '-v' '-c' '-o' 'CMakeFiles/cmTC_8bd42.dir/CMakeFortranCompilerABI.F.o' '-mmacosx-version-min=11.4'  '-nodefaultexport' '-mlittle-endian' '-mabi=lp64' '-dumpdir' 'CMakeFiles/cmTC_8bd42.dir/']
  ignore line: [ as -arch arm64 -v -mmacosx-version-min=11.4 -o CMakeFiles/cmTC_8bd42.dir/CMakeFortranCompilerABI.F.o /var/folders/kq/sxg320kn3hvdxkxky0c3dxwh0000gn/T//ccxIXKHK.s]
  ignore line: [Apple clang version 12.0.5 (clang-1205.0.22.11)]
  ignore line: [Target: aarch64-apple-darwin20.5.0]
  ignore line: [Thread model: posix]
  ignore line: [InstalledDir: /Library/Developer/CommandLineTools/usr/bin]
  ignore line: [ "/Library/Developer/CommandLineTools/usr/bin/clang" -cc1as -triple arm64-apple-macosx11.4.0 -filetype obj -main-file-name ccxIXKHK.s -target-cpu apple-a12 -target-feature +v8.3a -target-feature +fp-armv8 -target-feature +neon -target-feature +crc -target-feature +crypto -target-feature +fullfp16 -target-feature +ras -target-feature +lse -target-feature +rdm -target-feature +rcpc -target-feature +zcm -target-feature +zcz -target-feature +sha2 -target-feature +aes -fdebug-compilation-dir /Users/yuki/git/fortran_csr/build/CMakeFiles/CMakeTmp -dwarf-debug-producer "Apple clang version 12.0.5 (clang-1205.0.22.11)" -dwarf-version=4 -mrelocation-model pic -mllvm -disable-aligned-alloc-awareness=1 -o CMakeFiles/cmTC_8bd42.dir/CMakeFortranCompilerABI.F.o /var/folders/kq/sxg320kn3hvdxkxky0c3dxwh0000gn/T//ccxIXKHK.s]
  ignore line: [COMPILER_PATH=/opt/homebrew/Cellar/gcc/12.2.0/bin/../libexec/gcc/aarch64-apple-darwin20/12/:/opt/homebrew/Cellar/gcc/12.2.0/bin/../libexec/gcc/]
  ignore line: [LIBRARY_PATH=/opt/homebrew/Cellar/gcc/12.2.0/bin/../lib/gcc/current/gcc/aarch64-apple-darwin20/12/:/opt/homebrew/Cellar/gcc/12.2.0/bin/../lib/gcc/current/gcc/:/opt/intel_org/oneapi/mkl/2021.3.0/lib/:./:/Library/Developer/CommandLineTools/SDKs/MacOSX.sdk/usr/lib/:/opt/homebrew/Cellar/gcc/12.2.0/bin/../lib/gcc/current/gcc/aarch64-apple-darwin20/12/../../../]
  ignore line: [COLLECT_GCC_OPTIONS='-isysroot' '/Library/Developer/CommandLineTools/SDKs/MacOSX12.1.sdk' '-v' '-c' '-o' 'CMakeFiles/cmTC_8bd42.dir/CMakeFortranCompilerABI.F.o' '-mmacosx-version-min=11.4'  '-nodefaultexport' '-mlittle-endian' '-mabi=lp64' '-dumpdir' 'CMakeFiles/cmTC_8bd42.dir/CMakeFortranCompilerABI.F.']
  ignore line: [Linking Fortran executable cmTC_8bd42]
  ignore line: [/opt/homebrew/Cellar/cmake/3.20.5/bin/cmake -E cmake_link_script CMakeFiles/cmTC_8bd42.dir/link.txt --verbose=1]
  ignore line: [/opt/homebrew/bin/gfortran  -v -Wl -v  -isysroot /Library/Developer/CommandLineTools/SDKs/MacOSX12.1.sdk -mmacosx-version-min=11.4 CMakeFiles/cmTC_8bd42.dir/CMakeFortranCompilerABI.F.o -o cmTC_8bd42 ]
  ignore line: [Driving: /opt/homebrew/bin/gfortran -v -Wl -v -isysroot /Library/Developer/CommandLineTools/SDKs/MacOSX12.1.sdk CMakeFiles/cmTC_8bd42.dir/CMakeFortranCompilerABI.F.o -o cmTC_8bd42 -mmacosx-version-min=11.4 -asm_macosx_version_min=11.4 -nodefaultexport -l gfortran]
  ignore line: [Using built-in specs.]
  ignore line: [COLLECT_GCC=/opt/homebrew/bin/gfortran]
  ignore line: [COLLECT_LTO_WRAPPER=/opt/homebrew/Cellar/gcc/12.2.0/bin/../libexec/gcc/aarch64-apple-darwin20/12/lto-wrapper]
  ignore line: [Target: aarch64-apple-darwin20]
  ignore line: [Configured with: ../configure --prefix=/opt/homebrew/opt/gcc --libdir=/opt/homebrew/opt/gcc/lib/gcc/current --disable-nls --enable-checking=release --with-gcc-major-version-only --enable-languages=c c++ objc obj-c++ fortran --program-suffix=-12 --with-gmp=/opt/homebrew/opt/gmp --with-mpfr=/opt/homebrew/opt/mpfr --with-mpc=/opt/homebrew/opt/libmpc --with-isl=/opt/homebrew/opt/isl --with-zstd=/opt/homebrew/opt/zstd --with-pkgversion='Homebrew GCC 12.2.0' --with-bugurl=https://github.com/Homebrew/homebrew-core/issues --with-system-zlib --build=aarch64-apple-darwin20 --with-sysroot=/Library/Developer/CommandLineTools/SDKs/MacOSX11.sdk]
  ignore line: [Thread model: posix]
  ignore line: [Supported LTO compression algorithms: zlib zstd]
  ignore line: [gcc version 12.2.0 (Homebrew GCC 12.2.0) ]
  ignore line: [Reading specs from /opt/homebrew/Cellar/gcc/12.2.0/bin/../lib/gcc/current/gcc/aarch64-apple-darwin20/12/../../../libgfortran.spec]
  ignore line: [rename spec lib to liborig]
  ignore line: [COLLECT_GCC_OPTIONS='-v' '-isysroot' '/Library/Developer/CommandLineTools/SDKs/MacOSX12.1.sdk' '-o' 'cmTC_8bd42' '-mmacosx-version-min=11.4' '-asm_macosx_version_min=11.4' '-nodefaultexport' '-mlittle-endian' '-mabi=lp64' '-dumpdir' 'cmTC_8bd42-']
  ignore line: [COMPILER_PATH=/opt/homebrew/Cellar/gcc/12.2.0/bin/../libexec/gcc/aarch64-apple-darwin20/12/:/opt/homebrew/Cellar/gcc/12.2.0/bin/../libexec/gcc/]
  ignore line: [LIBRARY_PATH=/opt/homebrew/Cellar/gcc/12.2.0/bin/../lib/gcc/current/gcc/aarch64-apple-darwin20/12/:/opt/homebrew/Cellar/gcc/12.2.0/bin/../lib/gcc/current/gcc/:/opt/intel_org/oneapi/mkl/2021.3.0/lib/:./:/Library/Developer/CommandLineTools/SDKs/MacOSX.sdk/usr/lib/:/opt/homebrew/Cellar/gcc/12.2.0/bin/../lib/gcc/current/gcc/aarch64-apple-darwin20/12/../../../]
  ignore line: [COLLECT_GCC_OPTIONS='-v' '-isysroot' '/Library/Developer/CommandLineTools/SDKs/MacOSX12.1.sdk' '-o' 'cmTC_8bd42' '-mmacosx-version-min=11.4' '-asm_macosx_version_min=11.4' '-nodefaultexport' '-mlittle-endian' '-mabi=lp64' '-dumpdir' 'cmTC_8bd42.']
  link line: [ /opt/homebrew/Cellar/gcc/12.2.0/bin/../libexec/gcc/aarch64-apple-darwin20/12/collect2 -dynamic -arch arm64 -syslibroot /Library/Developer/CommandLineTools/SDKs/MacOSX12.1.sdk -macosx_version_min 11.4 -o cmTC_8bd42 -L/opt/homebrew/Cellar/gcc/12.2.0/bin/../lib/gcc/current/gcc/aarch64-apple-darwin20/12 -L/opt/homebrew/Cellar/gcc/12.2.0/bin/../lib/gcc/current/gcc -L/opt/intel_org/oneapi/mkl/2021.3.0/lib -L. -L/Library/Developer/CommandLineTools/SDKs/MacOSX.sdk/usr/lib -L/opt/homebrew/Cellar/gcc/12.2.0/bin/../lib/gcc/current/gcc/aarch64-apple-darwin20/12/../../.. -v CMakeFiles/cmTC_8bd42.dir/CMakeFortranCompilerABI.F.o -lgfortran -lemutls_w -lgcc -lquadmath -lemutls_w -lgcc -lSystem -lgcc -no_compact_unwind -rpath @loader_path -rpath /opt/homebrew/Cellar/gcc/12.2.0/lib/gcc/current/gcc/aarch64-apple-darwin20/12 -rpath /opt/homebrew/Cellar/gcc/12.2.0/lib/gcc/current/gcc -rpath /opt/intel_org/oneapi/mkl/2021.3.0/lib -rpath /Users/yuki/git/fortran_csr/build/CMakeFiles/CMakeTmp -rpath /Library/Developer/CommandLineTools/SDKs/MacOSX11.3.sdk/usr/lib -rpath /opt/homebrew/Cellar/gcc/12.2.0/lib/gcc/current]
    arg [/opt/homebrew/Cellar/gcc/12.2.0/bin/../libexec/gcc/aarch64-apple-darwin20/12/collect2] ==> ignore
    arg [-dynamic] ==> ignore
    arg [-arch] ==> ignore
    arg [arm64] ==> ignore
    arg [-syslibroot] ==> ignore
    arg [/Library/Developer/CommandLineTools/SDKs/MacOSX12.1.sdk] ==> ignore
    arg [-macosx_version_min] ==> ignore
    arg [11.4] ==> ignore
    arg [-o] ==> ignore
    arg [cmTC_8bd42] ==> ignore
    arg [-L/opt/homebrew/Cellar/gcc/12.2.0/bin/../lib/gcc/current/gcc/aarch64-apple-darwin20/12] ==> dir [/opt/homebrew/Cellar/gcc/12.2.0/bin/../lib/gcc/current/gcc/aarch64-apple-darwin20/12]
    arg [-L/opt/homebrew/Cellar/gcc/12.2.0/bin/../lib/gcc/current/gcc] ==> dir [/opt/homebrew/Cellar/gcc/12.2.0/bin/../lib/gcc/current/gcc]
    arg [-L/opt/intel_org/oneapi/mkl/2021.3.0/lib] ==> dir [/opt/intel_org/oneapi/mkl/2021.3.0/lib]
    arg [-L.] ==> ignore
    arg [-L/Library/Developer/CommandLineTools/SDKs/MacOSX.sdk/usr/lib] ==> dir [/Library/Developer/CommandLineTools/SDKs/MacOSX.sdk/usr/lib]
    arg [-L/opt/homebrew/Cellar/gcc/12.2.0/bin/../lib/gcc/current/gcc/aarch64-apple-darwin20/12/../../..] ==> dir [/opt/homebrew/Cellar/gcc/12.2.0/bin/../lib/gcc/current/gcc/aarch64-apple-darwin20/12/../../..]
    arg [-v] ==> ignore
    arg [CMakeFiles/cmTC_8bd42.dir/CMakeFortranCompilerABI.F.o] ==> ignore
    arg [-lgfortran] ==> lib [gfortran]
    arg [-lemutls_w] ==> lib [emutls_w]
    arg [-lgcc] ==> lib [gcc]
    arg [-lquadmath] ==> lib [quadmath]
    arg [-lemutls_w] ==> lib [emutls_w]
    arg [-lgcc] ==> lib [gcc]
    arg [-lSystem] ==> lib [System]
    arg [-lgcc] ==> lib [gcc]
    arg [-no_compact_unwind] ==> ignore
    arg [-rpath] ==> ignore
    arg [@loader_path] ==> ignore
    arg [-rpath] ==> ignore
    arg [/opt/homebrew/Cellar/gcc/12.2.0/lib/gcc/current/gcc/aarch64-apple-darwin20/12] ==> ignore
    arg [-rpath] ==> ignore
    arg [/opt/homebrew/Cellar/gcc/12.2.0/lib/gcc/current/gcc] ==> ignore
    arg [-rpath] ==> ignore
    arg [/opt/intel_org/oneapi/mkl/2021.3.0/lib] ==> ignore
    arg [-rpath] ==> ignore
    arg [/Users/yuki/git/fortran_csr/build/CMakeFiles/CMakeTmp] ==> ignore
    arg [-rpath] ==> ignore
    arg [/Library/Developer/CommandLineTools/SDKs/MacOSX11.3.sdk/usr/lib] ==> ignore
    arg [-rpath] ==> ignore
    arg [/opt/homebrew/Cellar/gcc/12.2.0/lib/gcc/current] ==> ignore
  Library search paths: [;/opt/homebrew/Cellar/gcc/12.2.0/lib/gcc/current/gcc/aarch64-apple-darwin20/12;/opt/homebrew/Cellar/gcc/12.2.0/lib/gcc/current/gcc;/opt/intel_org/oneapi/mkl/2021.3.0/lib;.;/Library/Developer/CommandLineTools/SDKs/MacOSX.sdk/usr/lib;/opt/homebrew/Cellar/gcc/12.2.0/lib/gcc/current;/Library/Developer/CommandLineTools/SDKs/MacOSX12.1.sdk/usr/lib]
  Framework search paths: [;/Library/Developer/CommandLineTools/SDKs/MacOSX12.1.sdk/System/Library/Frameworks/]
  remove lib [System]
  collapse library dir [/opt/homebrew/Cellar/gcc/12.2.0/bin/../lib/gcc/current/gcc/aarch64-apple-darwin20/12] ==> [/opt/homebrew/Cellar/gcc/12.2.0/lib/gcc/current/gcc/aarch64-apple-darwin20/12]
  collapse library dir [/opt/homebrew/Cellar/gcc/12.2.0/bin/../lib/gcc/current/gcc] ==> [/opt/homebrew/Cellar/gcc/12.2.0/lib/gcc/current/gcc]
  collapse library dir [/opt/intel_org/oneapi/mkl/2021.3.0/lib] ==> [/opt/intel_org/oneapi/mkl/2021.3.0/lib]
  collapse library dir [/Library/Developer/CommandLineTools/SDKs/MacOSX.sdk/usr/lib] ==> [/Library/Developer/CommandLineTools/SDKs/MacOSX.sdk/usr/lib]
  collapse library dir [/opt/homebrew/Cellar/gcc/12.2.0/bin/../lib/gcc/current/gcc/aarch64-apple-darwin20/12/../../..] ==> [/opt/homebrew/Cellar/gcc/12.2.0/lib/gcc/current]
  collapse library dir [/opt/homebrew/Cellar/gcc/12.2.0/lib/gcc/current/gcc/aarch64-apple-darwin20/12] ==> [/opt/homebrew/Cellar/gcc/12.2.0/lib/gcc/current/gcc/aarch64-apple-darwin20/12]
  collapse library dir [/opt/homebrew/Cellar/gcc/12.2.0/lib/gcc/current/gcc] ==> [/opt/homebrew/Cellar/gcc/12.2.0/lib/gcc/current/gcc]
  collapse library dir [/opt/intel_org/oneapi/mkl/2021.3.0/lib] ==> [/opt/intel_org/oneapi/mkl/2021.3.0/lib]
  collapse library dir [.] ==> [/Users/yuki/git/fortran_csr]
  collapse library dir [/Library/Developer/CommandLineTools/SDKs/MacOSX.sdk/usr/lib] ==> [/Library/Developer/CommandLineTools/SDKs/MacOSX.sdk/usr/lib]
  collapse library dir [/opt/homebrew/Cellar/gcc/12.2.0/lib/gcc/current] ==> [/opt/homebrew/Cellar/gcc/12.2.0/lib/gcc/current]
  collapse library dir [/Library/Developer/CommandLineTools/SDKs/MacOSX12.1.sdk/usr/lib] ==> [/Library/Developer/CommandLineTools/SDKs/MacOSX12.1.sdk/usr/lib]
  collapse framework dir [/Library/Developer/CommandLineTools/SDKs/MacOSX12.1.sdk/System/Library/Frameworks/] ==> [/Library/Developer/CommandLineTools/SDKs/MacOSX12.1.sdk/System/Library/Frameworks]
  implicit libs: [gfortran;emutls_w;gcc;quadmath;emutls_w;gcc;gcc]
  implicit objs: []
  implicit dirs: [/opt/homebrew/Cellar/gcc/12.2.0/lib/gcc/current/gcc/aarch64-apple-darwin20/12;/opt/homebrew/Cellar/gcc/12.2.0/lib/gcc/current/gcc;/opt/intel_org/oneapi/mkl/2021.3.0/lib;/Library/Developer/CommandLineTools/SDKs/MacOSX.sdk/usr/lib;/opt/homebrew/Cellar/gcc/12.2.0/lib/gcc/current;/Users/yuki/git/fortran_csr;/Library/Developer/CommandLineTools/SDKs/MacOSX12.1.sdk/usr/lib]
  implicit fwks: [/Library/Developer/CommandLineTools/SDKs/MacOSX12.1.sdk/System/Library/Frameworks]


Determining if the Fortran compiler supports Fortran 90 passed with the following output:
Change Dir: /Users/yuki/git/fortran_csr/build/CMakeFiles/CMakeTmp

Run Build Command(s):/usr/bin/make -f Makefile cmTC_7e8b6/fast && /Library/Developer/CommandLineTools/usr/bin/make  -f CMakeFiles/cmTC_7e8b6.dir/build.make CMakeFiles/cmTC_7e8b6.dir/build
Building Fortran object CMakeFiles/cmTC_7e8b6.dir/testFortranCompilerF90.f90.o
/opt/homebrew/bin/gfortran   -isysroot /Library/Developer/CommandLineTools/SDKs/MacOSX12.1.sdk -mmacosx-version-min=11.4 -c /Users/yuki/git/fortran_csr/build/CMakeFiles/CMakeTmp/testFortranCompilerF90.f90 -o CMakeFiles/cmTC_7e8b6.dir/testFortranCompilerF90.f90.o
Linking Fortran executable cmTC_7e8b6
/opt/homebrew/Cellar/cmake/3.20.5/bin/cmake -E cmake_link_script CMakeFiles/cmTC_7e8b6.dir/link.txt --verbose=1
/opt/homebrew/bin/gfortran  -isysroot /Library/Developer/CommandLineTools/SDKs/MacOSX12.1.sdk -mmacosx-version-min=11.4 CMakeFiles/cmTC_7e8b6.dir/testFortranCompilerF90.f90.o -o cmTC_7e8b6 



